{
  "C:\\Users\\CWILLI~1\\AppData\\Local\\Temp/scss-lint/tmp.scss": [
    {
      "linter": "DeclarationOrder",
      "line": 12,
      "column": 3,
      "length": 33,
      "severity": "warning",
      "reason": "Rule sets should be ordered as follows: @extends, @includes without @content, properties, @includes with @content, nested rule sets"
    },
    {
      "linter": "DeclarationOrder",
      "line": 16,
      "column": 5,
      "length": 39,
      "severity": "warning",
      "reason": "Rule sets should be ordered as follows: @extends, @includes without @content, properties, @includes with @content, nested rule sets"
    },
    {
      "linter": "PropertySortOrder",
      "line": 18,
      "column": 5,
      "length": 13,
      "severity": "warning",
      "reason": "Properties should be ordered background-color, cursor, height, overflow, position"
    },
    {
      "linter": "PropertySortOrder",
      "line": 24,
      "column": 7,
      "length": 16,
      "severity": "warning",
      "reason": "Properties should be ordered max-width, min-height, min-width, position"
    },
    {
      "linter": "DeclarationOrder",
      "line": 24,
      "column": 7,
      "length": 16,
      "severity": "warning",
      "reason": "Rule sets should be ordered as follows: @extends, @includes without @content, properties, @includes with @content, nested rule sets"
    },
    {
      "linter": "EmptyLineBetweenBlocks",
      "line": 29,
      "column": 1,
      "length": 1,
      "severity": "warning",
      "reason": "Rule declaration should be followed by an empty line"
    },
    {
      "linter": "DeclarationOrder",
      "line": 31,
      "column": 1,
      "length": 1,
      "severity": "warning",
      "reason": "Rule sets should be ordered as follows: @extends, @includes without @content, properties, @includes with @content, nested rule sets"
    },
    {
      "linter": "PropertySortOrder",
      "line": 36,
      "column": 7,
      "length": 21,
      "severity": "warning",
      "reason": "Properties should be ordered color, margin, position, text-transform, width"
    },
    {
      "linter": "SingleLinePerSelector",
      "line": 46,
      "column": 1,
      "length": 1,
      "severity": "warning",
      "reason": "Each selector in a comma sequence should be on its own line"
    },
    {
      "linter": "NestingDepth",
      "line": 46,
      "column": 7,
      "length": 20,
      "severity": "warning",
      "reason": "Nesting should be no greater than 3, but was 4"
    },
    {
      "linter": "PropertySortOrder",
      "line": 47,
      "column": 9,
      "length": 20,
      "severity": "warning",
      "reason": "Properties should be ordered content, pointer-events"
    },
    {
      "linter": "EmptyLineBetweenBlocks",
      "line": 50,
      "column": 1,
      "length": 1,
      "severity": "warning",
      "reason": "Rule declaration should be followed by an empty line"
    },
    {
      "linter": "DeclarationOrder",
      "line": 52,
      "column": 7,
      "length": 14,
      "severity": "warning",
      "reason": "Rule sets should be ordered as follows: @extends, @includes without @content, properties, @includes with @content, nested rule sets"
    },
    {
      "linter": "SelectorDepth",
      "line": 55,
      "column": 1,
      "length": 1,
      "severity": "warning",
      "reason": "Selector should have depth of applicability no greater than 3, but was 4"
    },
    {
      "linter": "NestingDepth",
      "line": 55,
      "column": 7,
      "length": 7,
      "severity": "warning",
      "reason": "Nesting should be no greater than 3, but was 4"
    },
    {
      "linter": "EmptyLineBetweenBlocks",
      "line": 59,
      "column": 1,
      "length": 1,
      "severity": "warning",
      "reason": "Rule declaration should be followed by an empty line"
    },
    {
      "linter": "PropertySortOrder",
      "line": 61,
      "column": 7,
      "length": 16,
      "severity": "warning",
      "reason": "Properties should be ordered font-size, font-weight, line-height"
    },
    {
      "linter": "DeclarationOrder",
      "line": 61,
      "column": 7,
      "length": 16,
      "severity": "warning",
      "reason": "Rule sets should be ordered as follows: @extends, @includes without @content, properties, @includes with @content, nested rule sets"
    },
    {
      "linter": "EmptyLineBetweenBlocks",
      "line": 65,
      "column": 1,
      "length": 1,
      "severity": "warning",
      "reason": "Rule declaration should be followed by an empty line"
    },
    {
      "linter": "UnnecessaryParentReference",
      "line": 66,
      "column": 1,
      "length": 1,
      "severity": "warning",
      "reason": "Unnecessary parent selector (&)"
    },
    {
      "linter": "Comment",
      "line": 72,
      "column": 1,
      "length": 1,
      "severity": "warning",
      "reason": "Use `//` comments everywhere"
    },
    {
      "linter": "DeclarationOrder",
      "line": 77,
      "column": 5,
      "length": 24,
      "severity": "warning",
      "reason": "Rule sets should be ordered as follows: @extends, @includes without @content, properties, @includes with @content, nested rule sets"
    },
    {
      "linter": "SpaceAfterComma",
      "line": 78,
      "column": 27,
      "length": 4,
      "severity": "warning",
      "reason": "Commas in mixin arguments should be followed by a single space"
    },
    {
      "linter": "SpaceAfterComma",
      "line": 78,
      "column": 32,
      "length": 1,
      "severity": "warning",
      "reason": "Commas in mixin arguments should be followed by a single space"
    },
    {
      "linter": "EmptyLineBetweenBlocks",
      "line": 79,
      "column": 1,
      "length": 1,
      "severity": "warning",
      "reason": "Rule declaration should be followed by an empty line"
    },
    {
      "linter": "PropertySortOrder",
      "line": 81,
      "column": 5,
      "length": 18,
      "severity": "warning",
      "reason": "Properties should be ordered bottom, left, position"
    },
    {
      "linter": "EmptyLineBetweenBlocks",
      "line": 84,
      "column": 1,
      "length": 1,
      "severity": "warning",
      "reason": "Rule declaration should be followed by an empty line"
    },
    {
      "linter": "SpaceAfterComma",
      "line": 86,
      "column": 26,
      "length": 1,
      "severity": "warning",
      "reason": "Commas in mixin arguments should be followed by a single space"
    },
    {
      "linter": "SpaceAfterComma",
      "line": 86,
      "column": 28,
      "length": 4,
      "severity": "warning",
      "reason": "Commas in mixin arguments should be followed by a single space"
    },
    {
      "linter": "EmptyLineBetweenBlocks",
      "line": 87,
      "column": 1,
      "length": 1,
      "severity": "warning",
      "reason": "Rule declaration should be followed by an empty line"
    },
    {
      "linter": "DeclarationOrder",
      "line": 89,
      "column": 5,
      "length": 17,
      "severity": "warning",
      "reason": "Rule sets should be ordered as follows: @extends, @includes without @content, properties, @includes with @content, nested rule sets"
    },
    {
      "linter": "SpaceAfterComma",
      "line": 90,
      "column": 26,
      "length": 1,
      "severity": "warning",
      "reason": "Commas in mixin arguments should be followed by a single space"
    },
    {
      "linter": "SpaceAfterComma",
      "line": 90,
      "column": 28,
      "length": 3,
      "severity": "warning",
      "reason": "Commas in mixin arguments should be followed by a single space"
    },
    {
      "linter": "EmptyLineBetweenBlocks",
      "line": 93,
      "column": 1,
      "length": 1,
      "severity": "warning",
      "reason": "Rule declaration should be followed by an empty line"
    },
    {
      "linter": "DeclarationOrder",
      "line": 96,
      "column": 7,
      "length": 11,
      "severity": "warning",
      "reason": "Rule sets should be ordered as follows: @extends, @includes without @content, properties, @includes with @content, nested rule sets"
    },
    {
      "linter": "SpaceAfterComma",
      "line": 97,
      "column": 28,
      "length": 1,
      "severity": "warning",
      "reason": "Commas in mixin arguments should be followed by a single space"
    },
    {
      "linter": "SpaceAfterComma",
      "line": 97,
      "column": 30,
      "length": 1,
      "severity": "warning",
      "reason": "Commas in mixin arguments should be followed by a single space"
    },
    {
      "linter": "EmptyLineBetweenBlocks",
      "line": 98,
      "column": 1,
      "length": 1,
      "severity": "warning",
      "reason": "Rule declaration should be followed by an empty line"
    },
    {
      "linter": "SingleLinePerSelector",
      "line": 99,
      "column": 1,
      "length": 1,
      "severity": "warning",
      "reason": "Each selector in a comma sequence should be on its own line"
    },
    {
      "linter": "DeclarationOrder",
      "line": 100,
      "column": 7,
      "length": 10,
      "severity": "warning",
      "reason": "Rule sets should be ordered as follows: @extends, @includes without @content, properties, @includes with @content, nested rule sets"
    },
    {
      "linter": "SpaceAfterComma",
      "line": 101,
      "column": 28,
      "length": 1,
      "severity": "warning",
      "reason": "Commas in mixin arguments should be followed by a single space"
    },
    {
      "linter": "SpaceAfterComma",
      "line": 101,
      "column": 31,
      "length": 4,
      "severity": "warning",
      "reason": "Commas in mixin arguments should be followed by a single space"
    },
    {
      "linter": "DeclarationOrder",
      "line": 110,
      "column": 5,
      "length": 21,
      "severity": "warning",
      "reason": "Rule sets should be ordered as follows: @extends, @includes without @content, properties, @includes with @content, nested rule sets"
    },
    {
      "linter": "LeadingZero",
      "line": 110,
      "column": 22,
      "length": 3,
      "severity": "warning",
      "reason": "`0.8` should be written without a leading zero as `.8`"
    },
    {
      "linter": "EmptyLineBetweenBlocks",
      "line": 112,
      "column": 1,
      "length": 1,
      "severity": "warning",
      "reason": "Rule declaration should be followed by an empty line"
    },
    {
      "linter": "PropertySortOrder",
      "line": 114,
      "column": 5,
      "length": 18,
      "severity": "warning",
      "reason": "Properties should be ordered bottom, text-align"
    },
    {
      "linter": "DeclarationOrder",
      "line": 114,
      "column": 5,
      "length": 18,
      "severity": "warning",
      "reason": "Rule sets should be ordered as follows: @extends, @includes without @content, properties, @includes with @content, nested rule sets"
    },
    {
      "linter": "DeclarationOrder",
      "line": 118,
      "column": 7,
      "length": 31,
      "severity": "warning",
      "reason": "Rule sets should be ordered as follows: @extends, @includes without @content, properties, @includes with @content, nested rule sets"
    },
    {
      "linter": "EmptyLineBetweenBlocks",
      "line": 123,
      "column": 1,
      "length": 1,
      "severity": "warning",
      "reason": "Rule declaration should be followed by an empty line"
    },
    {
      "linter": "LeadingZero",
      "line": 127,
      "column": 24,
      "length": 3,
      "severity": "warning",
      "reason": "`0.4` should be written without a leading zero as `.4`"
    },
    {
      "linter": "EmptyLineBetweenBlocks",
      "line": 128,
      "column": 1,
      "length": 1,
      "severity": "warning",
      "reason": "Rule declaration should be followed by an empty line"
    },
    {
      "linter": "PropertySortOrder",
      "line": 130,
      "column": 7,
      "length": 31,
      "severity": "warning",
      "reason": "Properties should be ordered bottom, color"
    },
    {
      "linter": "SingleLinePerSelector",
      "line": 132,
      "column": 1,
      "length": 1,
      "severity": "warning",
      "reason": "Each selector in a comma sequence should be on its own line"
    },
    {
      "linter": "EmptyLineBetweenBlocks",
      "line": 132,
      "column": 1,
      "length": 1,
      "severity": "warning",
      "reason": "Rule declaration should be preceded by an empty line"
    },
    {
      "linter": "UnnecessaryParentReference",
      "line": 132,
      "column": 1,
      "length": 1,
      "severity": "warning",
      "reason": "Unnecessary parent selector (&)"
    },
    {
      "linter": "NestingDepth",
      "line": 132,
      "column": 7,
      "length": 15,
      "severity": "warning",
      "reason": "Nesting should be no greater than 3, but was 4"
    },
    {
      "linter": "LeadingZero",
      "line": 144,
      "column": 22,
      "length": 3,
      "severity": "warning",
      "reason": "`0.9` should be written without a leading zero as `.9`"
    },
    {
      "linter": "EmptyLineBetweenBlocks",
      "line": 145,
      "column": 1,
      "length": 1,
      "severity": "warning",
      "reason": "Rule declaration should be followed by an empty line"
    },
    {
      "linter": "DeclarationOrder",
      "line": 147,
      "column": 5,
      "length": 10,
      "severity": "warning",
      "reason": "Rule sets should be ordered as follows: @extends, @includes without @content, properties, @includes with @content, nested rule sets"
    },
    {
      "linter": "PropertySortOrder",
      "line": 147,
      "column": 5,
      "length": 10,
      "severity": "warning",
      "reason": "Properties should be ordered background, bottom, content, height, left, position, width, z-index"
    },
    {
      "linter": "EmptyLineBetweenBlocks",
      "line": 157,
      "column": 1,
      "length": 1,
      "severity": "warning",
      "reason": "Rule declaration should be followed by an empty line"
    },
    {
      "linter": "DeclarationOrder",
      "line": 159,
      "column": 5,
      "length": 7,
      "severity": "warning",
      "reason": "Rule sets should be ordered as follows: @extends, @includes without @content, properties, @includes with @content, nested rule sets"
    },
    {
      "linter": "PropertySortOrder",
      "line": 159,
      "column": 5,
      "length": 7,
      "severity": "warning",
      "reason": "Properties should be ordered bottom, left"
    },
    {
      "linter": "EmptyLineBetweenBlocks",
      "line": 162,
      "column": 1,
      "length": 1,
      "severity": "warning",
      "reason": "Rule declaration should be followed by an empty line"
    },
    {
      "linter": "PropertySortOrder",
      "line": 164,
      "column": 5,
      "length": 18,
      "severity": "warning",
      "reason": "Properties should be ordered bottom, position"
    },
    {
      "linter": "EmptyLineBetweenBlocks",
      "line": 166,
      "column": 1,
      "length": 1,
      "severity": "warning",
      "reason": "Rule declaration should be preceded by an empty line"
    },
    {
      "linter": "DeclarationOrder",
      "line": 167,
      "column": 7,
      "length": 18,
      "severity": "warning",
      "reason": "Rule sets should be ordered as follows: @extends, @includes without @content, properties, @includes with @content, nested rule sets"
    },
    {
      "linter": "PropertySortOrder",
      "line": 167,
      "column": 7,
      "length": 18,
      "severity": "warning",
      "reason": "Properties should be ordered bottom, margin-left, position"
    },
    {
      "linter": "EmptyLineBetweenBlocks",
      "line": 173,
      "column": 1,
      "length": 1,
      "severity": "warning",
      "reason": "Rule declaration should be followed by an empty line"
    },
    {
      "linter": "LeadingZero",
      "line": 176,
      "column": 24,
      "length": 3,
      "severity": "warning",
      "reason": "`0.4` should be written without a leading zero as `.4`"
    },
    {
      "linter": "EmptyLineBetweenBlocks",
      "line": 177,
      "column": 1,
      "length": 1,
      "severity": "warning",
      "reason": "Rule declaration should be followed by an empty line"
    },
    {
      "linter": "SpaceAfterComma",
      "line": 179,
      "column": 28,
      "length": 1,
      "severity": "warning",
      "reason": "Commas in mixin arguments should be followed by a single space"
    },
    {
      "linter": "EmptyLineBetweenBlocks",
      "line": 180,
      "column": 1,
      "length": 1,
      "severity": "warning",
      "reason": "Rule declaration should be followed by an empty line"
    },
    {
      "linter": "EmptyLineBetweenBlocks",
      "line": 184,
      "column": 1,
      "length": 1,
      "severity": "warning",
      "reason": "Rule declaration should be followed by an empty line"
    },
    {
      "linter": "SingleLinePerSelector",
      "line": 185,
      "column": 1,
      "length": 1,
      "severity": "warning",
      "reason": "Each selector in a comma sequence should be on its own line"
    },
    {
      "linter": "DeclarationOrder",
      "line": 186,
      "column": 7,
      "length": 9,
      "severity": "warning",
      "reason": "Rule sets should be ordered as follows: @extends, @includes without @content, properties, @includes with @content, nested rule sets"
    },
    {
      "linter": "PropertySortOrder",
      "line": 195,
      "column": 5,
      "length": 18,
      "severity": "warning",
      "reason": "Properties should be ordered bottom, min-height, position"
    },
    {
      "linter": "DeclarationOrder",
      "line": 195,
      "column": 5,
      "length": 18,
      "severity": "warning",
      "reason": "Rule sets should be ordered as follows: @extends, @includes without @content, properties, @includes with @content, nested rule sets"
    },
    {
      "linter": "EmptyLineBetweenBlocks",
      "line": 199,
      "column": 1,
      "length": 1,
      "severity": "warning",
      "reason": "Rule declaration should be followed by an empty line"
    },
    {
      "linter": "DeclarationOrder",
      "line": 201,
      "column": 5,
      "length": 14,
      "severity": "warning",
      "reason": "Rule sets should be ordered as follows: @extends, @includes without @content, properties, @includes with @content, nested rule sets"
    },
    {
      "linter": "EmptyLineBetweenBlocks",
      "line": 204,
      "column": 1,
      "length": 1,
      "severity": "warning",
      "reason": "Rule declaration should be preceded by an empty line"
    },
    {
      "linter": "SingleLinePerSelector",
      "line": 204,
      "column": 1,
      "length": 1,
      "severity": "warning",
      "reason": "Each selector in a comma sequence should be on its own line"
    },
    {
      "linter": "DeclarationOrder",
      "line": 205,
      "column": 7,
      "length": 11,
      "severity": "warning",
      "reason": "Rule sets should be ordered as follows: @extends, @includes without @content, properties, @includes with @content, nested rule sets"
    },
    {
      "linter": "EmptyLineBetweenBlocks",
      "line": 208,
      "column": 1,
      "length": 1,
      "severity": "warning",
      "reason": "Rule declaration should be followed by an empty line"
    },
    {
      "linter": "DeclarationOrder",
      "line": 210,
      "column": 7,
      "length": 8,
      "severity": "warning",
      "reason": "Rule sets should be ordered as follows: @extends, @includes without @content, properties, @includes with @content, nested rule sets"
    },
    {
      "linter": "PropertySortOrder",
      "line": 210,
      "column": 7,
      "length": 8,
      "severity": "warning",
      "reason": "Properties should be ordered border-bottom, border-top, bottom, left, right, top"
    },
    {
      "linter": "SpaceAfterComma",
      "line": 214,
      "column": 22,
      "length": 1,
      "severity": "warning",
      "reason": "Commas in mixin arguments should be followed by a single space"
    },
    {
      "linter": "EmptyLineBetweenBlocks",
      "line": 218,
      "column": 1,
      "length": 1,
      "severity": "warning",
      "reason": "Rule declaration should be followed by an empty line"
    },
    {
      "linter": "PropertySortOrder",
      "line": 220,
      "column": 7,
      "length": 6,
      "severity": "warning",
      "reason": "Properties should be ordered border-left, border-right, bottom, left, right, top"
    },
    {
      "linter": "DeclarationOrder",
      "line": 220,
      "column": 7,
      "length": 6,
      "severity": "warning",
      "reason": "Rule sets should be ordered as follows: @extends, @includes without @content, properties, @includes with @content, nested rule sets"
    },
    {
      "linter": "SpaceAfterComma",
      "line": 226,
      "column": 22,
      "length": 1,
      "severity": "warning",
      "reason": "Commas in mixin arguments should be followed by a single space"
    },
    {
      "linter": "EmptyLineBetweenBlocks",
      "line": 229,
      "column": 1,
      "length": 1,
      "severity": "warning",
      "reason": "Rule declaration should be followed by an empty line"
    },
    {
      "linter": "DeclarationOrder",
      "line": 231,
      "column": 5,
      "length": 15,
      "severity": "warning",
      "reason": "Rule sets should be ordered as follows: @extends, @includes without @content, properties, @includes with @content, nested rule sets"
    },
    {
      "linter": "EmptyLineBetweenBlocks",
      "line": 233,
      "column": 1,
      "length": 1,
      "severity": "warning",
      "reason": "Rule declaration should be followed by an empty line"
    },
    {
      "linter": "DeclarationOrder",
      "line": 235,
      "column": 5,
      "length": 16,
      "severity": "warning",
      "reason": "Rule sets should be ordered as follows: @extends, @includes without @content, properties, @includes with @content, nested rule sets"
    },
    {
      "linter": "EmptyLineBetweenBlocks",
      "line": 238,
      "column": 1,
      "length": 1,
      "severity": "warning",
      "reason": "Rule declaration should be followed by an empty line"
    },
    {
      "linter": "EmptyLineBetweenBlocks",
      "line": 243,
      "column": 1,
      "length": 1,
      "severity": "warning",
      "reason": "Rule declaration should be followed by an empty line"
    },
    {
      "linter": "SingleLinePerSelector",
      "line": 245,
      "column": 1,
      "length": 1,
      "severity": "warning",
      "reason": "Each selector in a comma sequence should be on its own line"
    },
    {
      "linter": "NestingDepth",
      "line": 245,
      "column": 7,
      "length": 20,
      "severity": "warning",
      "reason": "Nesting should be no greater than 3, but was 4"
    },
    {
      "linter": "EmptyLineBetweenBlocks",
      "line": 249,
      "column": 1,
      "length": 1,
      "severity": "warning",
      "reason": "Rule declaration should be followed by an empty line"
    },
    {
      "linter": "SingleLinePerSelector",
      "line": 250,
      "column": 1,
      "length": 1,
      "severity": "warning",
      "reason": "Each selector in a comma sequence should be on its own line"
    },
    {
      "linter": "PropertySortOrder",
      "line": 262,
      "column": 5,
      "length": 18,
      "severity": "warning",
      "reason": "Properties should be ordered background, bottom, height, margin, padding, position, top, width"
    },
    {
      "linter": "DeclarationOrder",
      "line": 262,
      "column": 5,
      "length": 18,
      "severity": "warning",
      "reason": "Rule sets should be ordered as follows: @extends, @includes without @content, properties, @includes with @content, nested rule sets"
    },
    {
      "linter": "SpaceAfterComma",
      "line": 270,
      "column": 26,
      "length": 1,
      "severity": "warning",
      "reason": "Commas in mixin arguments should be followed by a single space"
    },
    {
      "linter": "SpaceAfterComma",
      "line": 270,
      "column": 28,
      "length": 4,
      "severity": "warning",
      "reason": "Commas in mixin arguments should be followed by a single space"
    },
    {
      "linter": "EmptyLineBetweenBlocks",
      "line": 272,
      "column": 1,
      "length": 1,
      "severity": "warning",
      "reason": "Rule declaration should be followed by an empty line"
    },
    {
      "linter": "DeclarationOrder",
      "line": 274,
      "column": 5,
      "length": 12,
      "severity": "warning",
      "reason": "Rule sets should be ordered as follows: @extends, @includes without @content, properties, @includes with @content, nested rule sets"
    },
    {
      "linter": "PropertySortOrder",
      "line": 275,
      "column": 5,
      "length": 11,
      "severity": "warning",
      "reason": "Properties should be ordered color, display, float"
    },
    {
      "linter": "SpaceAfterComma",
      "line": 277,
      "column": 26,
      "length": 1,
      "severity": "warning",
      "reason": "Commas in mixin arguments should be followed by a single space"
    },
    {
      "linter": "SpaceAfterComma",
      "line": 277,
      "column": 28,
      "length": 4,
      "severity": "warning",
      "reason": "Commas in mixin arguments should be followed by a single space"
    },
    {
      "linter": "EmptyLineBetweenBlocks",
      "line": 278,
      "column": 1,
      "length": 1,
      "severity": "warning",
      "reason": "Rule declaration should be followed by an empty line"
    },
    {
      "linter": "PropertySortOrder",
      "line": 280,
      "column": 5,
      "length": 18,
      "severity": "warning",
      "reason": "Properties should be ordered bottom, padding, position, text-align, text-transform"
    },
    {
      "linter": "DeclarationOrder",
      "line": 280,
      "column": 5,
      "length": 18,
      "severity": "warning",
      "reason": "Rule sets should be ordered as follows: @extends, @includes without @content, properties, @includes with @content, nested rule sets"
    },
    {
      "linter": "EmptyLineBetweenBlocks",
      "line": 286,
      "column": 1,
      "length": 1,
      "severity": "warning",
      "reason": "Rule declaration should be followed by an empty line"
    },
    {
      "linter": "PropertySortOrder",
      "line": 288,
      "column": 5,
      "length": 16,
      "severity": "warning",
      "reason": "Properties should be ordered float, list-style"
    },
    {
      "linter": "EmptyLineBetweenBlocks",
      "line": 290,
      "column": 1,
      "length": 1,
      "severity": "warning",
      "reason": "Rule declaration should be preceded by an empty line"
    },
    {
      "linter": "DeclarationOrder",
      "line": 291,
      "column": 7,
      "length": 12,
      "severity": "warning",
      "reason": "Rule sets should be ordered as follows: @extends, @includes without @content, properties, @includes with @content, nested rule sets"
    },
    {
      "linter": "PropertySortOrder",
      "line": 292,
      "column": 7,
      "length": 39,
      "severity": "warning",
      "reason": "Properties should be ordered color, display, font-family, font-size, padding, speak"
    },
    {
      "linter": "SpaceAfterComma",
      "line": 296,
      "column": 28,
      "length": 1,
      "severity": "warning",
      "reason": "Commas in mixin arguments should be followed by a single space"
    },
    {
      "linter": "SpaceAfterComma",
      "line": 296,
      "column": 30,
      "length": 4,
      "severity": "warning",
      "reason": "Commas in mixin arguments should be followed by a single space"
    },
    {
      "linter": "EmptyLineBetweenBlocks",
      "line": 300,
      "column": 1,
      "length": 1,
      "severity": "warning",
      "reason": "Rule declaration should be followed by an empty line"
    },
    {
      "linter": "SpaceAfterComma",
      "line": 303,
      "column": 28,
      "length": 1,
      "severity": "warning",
      "reason": "Commas in mixin arguments should be followed by a single space"
    },
    {
      "linter": "SpaceAfterComma",
      "line": 303,
      "column": 30,
      "length": 1,
      "severity": "warning",
      "reason": "Commas in mixin arguments should be followed by a single space"
    },
    {
      "linter": "EmptyLineBetweenBlocks",
      "line": 304,
      "column": 1,
      "length": 1,
      "severity": "warning",
      "reason": "Rule declaration should be followed by an empty line"
    },
    {
      "linter": "SpaceAfterComma",
      "line": 306,
      "column": 28,
      "length": 1,
      "severity": "warning",
      "reason": "Commas in mixin arguments should be followed by a single space"
    },
    {
      "linter": "SpaceAfterComma",
      "line": 306,
      "column": 30,
      "length": 1,
      "severity": "warning",
      "reason": "Commas in mixin arguments should be followed by a single space"
    },
    {
      "linter": "EmptyLineBetweenBlocks",
      "line": 308,
      "column": 1,
      "length": 1,
      "severity": "warning",
      "reason": "Rule declaration should be followed by an empty line"
    },
    {
      "linter": "SpaceAfterComma",
      "line": 310,
      "column": 28,
      "length": 1,
      "severity": "warning",
      "reason": "Commas in mixin arguments should be followed by a single space"
    },
    {
      "linter": "SpaceAfterComma",
      "line": 310,
      "column": 30,
      "length": 1,
      "severity": "warning",
      "reason": "Commas in mixin arguments should be followed by a single space"
    },
    {
      "linter": "SingleLinePerSelector",
      "line": 311,
      "column": 1,
      "length": 1,
      "severity": "warning",
      "reason": "Each selector in a comma sequence should be on its own line"
    },
    {
      "linter": "SpaceBeforeBrace",
      "line": 311,
      "column": 1,
      "length": 1,
      "severity": "warning",
      "reason": "Opening curly brace `{` should be preceded by one space"
    },
    {
      "linter": "NestingDepth",
      "line": 311,
      "column": 7,
      "length": 18,
      "severity": "warning",
      "reason": "Nesting should be no greater than 3, but was 4"
    },
    {
      "linter": "EmptyLineBetweenBlocks",
      "line": 313,
      "column": 1,
      "length": 1,
      "severity": "warning",
      "reason": "Rule declaration should be followed by an empty line"
    },
    {
      "linter": "NestingDepth",
      "line": 316,
      "column": 9,
      "length": 19,
      "severity": "warning",
      "reason": "Nesting should be no greater than 3, but was 4"
    },
    {
      "linter": "Indentation",
      "line": 317,
      "column": 1,
      "length": 1,
      "severity": "warning",
      "reason": "Line should be indented 10 spaces, but was indented 8 spaces"
    },
    {
      "linter": "LeadingZero",
      "line": 317,
      "column": 35,
      "length": 4,
      "severity": "warning",
      "reason": "`0.1` should be written without a leading zero as `.1`"
    },
    {
      "linter": "EmptyLineBetweenBlocks",
      "line": 320,
      "column": 1,
      "length": 1,
      "severity": "warning",
      "reason": "Rule declaration should be followed by an empty line"
    },
    {
      "linter": "DeclarationOrder",
      "line": 335,
      "column": 5,
      "length": 12,
      "severity": "warning",
      "reason": "Rule sets should be ordered as follows: @extends, @includes without @content, properties, @includes with @content, nested rule sets"
    },
    {
      "linter": "LeadingZero",
      "line": 335,
      "column": 14,
      "length": 3,
      "severity": "warning",
      "reason": "`0.7` should be written without a leading zero as `.7`"
    },
    {
      "linter": "EmptyLineBetweenBlocks",
      "line": 337,
      "column": 1,
      "length": 1,
      "severity": "warning",
      "reason": "Rule declaration should be followed by an empty line"
    },
    {
      "linter": "SpaceBeforeBrace",
      "line": 338,
      "column": 1,
      "length": 1,
      "severity": "warning",
      "reason": "Opening curly brace `{` should be preceded by one space"
    },
    {
      "linter": "DeclarationOrder",
      "line": 339,
      "column": 5,
      "length": 18,
      "severity": "warning",
      "reason": "Rule sets should be ordered as follows: @extends, @includes without @content, properties, @includes with @content, nested rule sets"
    },
    {
      "linter": "EmptyLineBetweenBlocks",
      "line": 341,
      "column": 1,
      "length": 1,
      "severity": "warning",
      "reason": "Rule declaration should be followed by an empty line"
    },
    {
      "linter": "DeclarationOrder",
      "line": 343,
      "column": 5,
      "length": 15,
      "severity": "warning",
      "reason": "Rule sets should be ordered as follows: @extends, @includes without @content, properties, @includes with @content, nested rule sets"
    },
    {
      "linter": "EmptyLineBetweenBlocks",
      "line": 345,
      "column": 1,
      "length": 1,
      "severity": "warning",
      "reason": "Rule declaration should be followed by an empty line"
    },
    {
      "linter": "PropertySortOrder",
      "line": 347,
      "column": 5,
      "length": 18,
      "severity": "warning",
      "reason": "Properties should be ordered border, bottom, margin-top, padding, position"
    },
    {
      "linter": "DeclarationOrder",
      "line": 347,
      "column": 5,
      "length": 18,
      "severity": "warning",
      "reason": "Rule sets should be ordered as follows: @extends, @includes without @content, properties, @includes with @content, nested rule sets"
    },
    {
      "linter": "SpaceAfterPropertyColon",
      "line": 351,
      "column": 5,
      "length": 22,
      "severity": "warning",
      "reason": "Colon after property should be followed by one space"
    },
    {
      "linter": "ColorKeyword",
      "line": 351,
      "column": 12,
      "length": 15,
      "severity": "warning",
      "reason": "Color `white` should be written in hexadecimal form as `#ffffff`"
    },
    {
      "linter": "SpaceAfterComma",
      "line": 353,
      "column": 36,
      "length": 1,
      "severity": "warning",
      "reason": "Commas in function arguments should be followed by a single space"
    },
    {
      "linter": "SpaceAfterComma",
      "line": 353,
      "column": 38,
      "length": 7,
      "severity": "warning",
      "reason": "Commas in function arguments should be followed by a single space"
    },
    {
      "linter": "EmptyLineBetweenBlocks",
      "line": 354,
      "column": 1,
      "length": 1,
      "severity": "warning",
      "reason": "Rule declaration should be followed by an empty line"
    },
    {
      "linter": "EmptyLineBetweenBlocks",
      "line": 359,
      "column": 1,
      "length": 1,
      "severity": "warning",
      "reason": "Rule declaration should be followed by an empty line"
    },
    {
      "linter": "EmptyLineBetweenBlocks",
      "line": 362,
      "column": 1,
      "length": 1,
      "severity": "warning",
      "reason": "Rule declaration should be followed by an empty line"
    },
    {
      "linter": "SpaceAfterComma",
      "line": 365,
      "column": 38,
      "length": 1,
      "severity": "warning",
      "reason": "Commas in function arguments should be followed by a single space"
    },
    {
      "linter": "SpaceAfterComma",
      "line": 365,
      "column": 40,
      "length": 1,
      "severity": "warning",
      "reason": "Commas in function arguments should be followed by a single space"
    },
    {
      "linter": "SpaceAfterComma",
      "line": 372,
      "column": 31,
      "length": 5,
      "severity": "warning",
      "reason": "Commas in function arguments should be followed by a single space"
    },
    {
      "linter": "SpaceAfterComma",
      "line": 372,
      "column": 37,
      "length": 8,
      "severity": "warning",
      "reason": "Commas in function arguments should be followed by a single space"
    },
    {
      "linter": "EmptyLineBetweenBlocks",
      "line": 373,
      "column": 1,
      "length": 1,
      "severity": "warning",
      "reason": "Rule declaration should be preceded by an empty line"
    },
    {
      "linter": "DeclarationOrder",
      "line": 374,
      "column": 5,
      "length": 24,
      "severity": "warning",
      "reason": "Rule sets should be ordered as follows: @extends, @includes without @content, properties, @includes with @content, nested rule sets"
    },
    {
      "linter": "SpaceAfterComma",
      "line": 375,
      "column": 27,
      "length": 4,
      "severity": "warning",
      "reason": "Commas in mixin arguments should be followed by a single space"
    },
    {
      "linter": "SpaceAfterComma",
      "line": 375,
      "column": 32,
      "length": 1,
      "severity": "warning",
      "reason": "Commas in mixin arguments should be followed by a single space"
    },
    {
      "linter": "EmptyLineBetweenBlocks",
      "line": 376,
      "column": 1,
      "length": 1,
      "severity": "warning",
      "reason": "Rule declaration should be followed by an empty line"
    },
    {
      "linter": "SpaceBeforeBrace",
      "line": 377,
      "column": 1,
      "length": 1,
      "severity": "warning",
      "reason": "Opening curly brace `{` should be preceded by one space"
    },
    {
      "linter": "EmptyLineBetweenBlocks",
      "line": 379,
      "column": 1,
      "length": 1,
      "severity": "warning",
      "reason": "Rule declaration should be preceded by an empty line"
    },
    {
      "linter": "EmptyLineBetweenBlocks",
      "line": 381,
      "column": 1,
      "length": 1,
      "severity": "warning",
      "reason": "Rule declaration should be followed by an empty line"
    },
    {
      "linter": "DeclarationOrder",
      "line": 383,
      "column": 7,
      "length": 15,
      "severity": "warning",
      "reason": "Rule sets should be ordered as follows: @extends, @includes without @content, properties, @includes with @content, nested rule sets"
    },
    {
      "linter": "SpaceAfterComma",
      "line": 386,
      "column": 29,
      "length": 3,
      "severity": "warning",
      "reason": "Commas in mixin arguments should be followed by a single space"
    },
    {
      "linter": "SpaceAfterComma",
      "line": 386,
      "column": 33,
      "length": 1,
      "severity": "warning",
      "reason": "Commas in mixin arguments should be followed by a single space"
    },
    {
      "linter": "EmptyLineBetweenBlocks",
      "line": 387,
      "column": 1,
      "length": 1,
      "severity": "warning",
      "reason": "Rule declaration should be followed by an empty line"
    },
    {
      "linter": "DeclarationOrder",
      "line": 389,
      "column": 7,
      "length": 19,
      "severity": "warning",
      "reason": "Rule sets should be ordered as follows: @extends, @includes without @content, properties, @includes with @content, nested rule sets"
    },
    {
      "linter": "SpaceAfterComma",
      "line": 393,
      "column": 29,
      "length": 5,
      "severity": "warning",
      "reason": "Commas in mixin arguments should be followed by a single space"
    },
    {
      "linter": "SpaceAfterComma",
      "line": 393,
      "column": 35,
      "length": 1,
      "severity": "warning",
      "reason": "Commas in mixin arguments should be followed by a single space"
    },
    {
      "linter": "EmptyLineBetweenBlocks",
      "line": 396,
      "column": 1,
      "length": 1,
      "severity": "warning",
      "reason": "Rule declaration should be followed by an empty line"
    },
    {
      "linter": "DeclarationOrder",
      "line": 399,
      "column": 7,
      "length": 11,
      "severity": "warning",
      "reason": "Rule sets should be ordered as follows: @extends, @includes without @content, properties, @includes with @content, nested rule sets"
    },
    {
      "linter": "SpaceAfterComma",
      "line": 400,
      "column": 28,
      "length": 1,
      "severity": "warning",
      "reason": "Commas in mixin arguments should be followed by a single space"
    },
    {
      "linter": "SpaceAfterComma",
      "line": 400,
      "column": 30,
      "length": 1,
      "severity": "warning",
      "reason": "Commas in mixin arguments should be followed by a single space"
    },
    {
      "linter": "EmptyLineBetweenBlocks",
      "line": 401,
      "column": 1,
      "length": 1,
      "severity": "warning",
      "reason": "Rule declaration should be followed by an empty line"
    },
    {
      "linter": "SingleLinePerSelector",
      "line": 403,
      "column": 1,
      "length": 1,
      "severity": "warning",
      "reason": "Each selector in a comma sequence should be on its own line"
    },
    {
      "linter": "NestingDepth",
      "line": 403,
      "column": 7,
      "length": 13,
      "severity": "warning",
      "reason": "Nesting should be no greater than 3, but was 4"
    },
    {
      "linter": "SpaceAfterComma",
      "line": 405,
      "column": 30,
      "length": 1,
      "severity": "warning",
      "reason": "Commas in mixin arguments should be followed by a single space"
    },
    {
      "linter": "SpaceAfterComma",
      "line": 405,
      "column": 32,
      "length": 1,
      "severity": "warning",
      "reason": "Commas in mixin arguments should be followed by a single space"
    },
    {
      "linter": "SpaceAfterComma",
      "line": 416,
      "column": 21,
      "length": 2,
      "severity": "warning",
      "reason": "Commas in function arguments should be followed by a single space"
    },
    {
      "linter": "SpaceAfterComma",
      "line": 416,
      "column": 24,
      "length": 3,
      "severity": "warning",
      "reason": "Commas in function arguments should be followed by a single space"
    },
    {
      "linter": "SpaceAfterComma",
      "line": 416,
      "column": 28,
      "length": 3,
      "severity": "warning",
      "reason": "Commas in function arguments should be followed by a single space"
    },
    {
      "linter": "SpaceAfterComma",
      "line": 417,
      "column": 14,
      "length": 3,
      "severity": "warning",
      "reason": "Commas in function arguments should be followed by a single space"
    },
    {
      "linter": "SpaceAfterComma",
      "line": 417,
      "column": 18,
      "length": 2,
      "severity": "warning",
      "reason": "Commas in function arguments should be followed by a single space"
    },
    {
      "linter": "SpaceAfterComma",
      "line": 417,
      "column": 21,
      "length": 2,
      "severity": "warning",
      "reason": "Commas in function arguments should be followed by a single space"
    },
    {
      "linter": "EmptyLineBetweenBlocks",
      "line": 423,
      "column": 1,
      "length": 1,
      "severity": "warning",
      "reason": "Rule declaration should be preceded by an empty line"
    },
    {
      "linter": "PropertySortOrder",
      "line": 424,
      "column": 7,
      "length": 18,
      "severity": "warning",
      "reason": "Properties should be ordered border, content, height, left, position, right, top"
    },
    {
      "linter": "DeclarationOrder",
      "line": 424,
      "column": 7,
      "length": 18,
      "severity": "warning",
      "reason": "Rule sets should be ordered as follows: @extends, @includes without @content, properties, @includes with @content, nested rule sets"
    },
    {
      "linter": "EmptyLineBetweenBlocks",
      "line": 433,
      "column": 1,
      "length": 1,
      "severity": "warning",
      "reason": "Rule declaration should be followed by an empty line"
    },
    {
      "linter": "PropertySortOrder",
      "line": 435,
      "column": 5,
      "length": 18,
      "severity": "warning",
      "reason": "Properties should be ordered bottom, left, opacity, position"
    },
    {
      "linter": "DeclarationOrder",
      "line": 435,
      "column": 5,
      "length": 18,
      "severity": "warning",
      "reason": "Rule sets should be ordered as follows: @extends, @includes without @content, properties, @includes with @content, nested rule sets"
    },
    {
      "linter": "SpaceAfterComma",
      "line": 439,
      "column": 26,
      "length": 1,
      "severity": "warning",
      "reason": "Commas in mixin arguments should be followed by a single space"
    },
    {
      "linter": "SpaceAfterComma",
      "line": 439,
      "column": 29,
      "length": 5,
      "severity": "warning",
      "reason": "Commas in mixin arguments should be followed by a single space"
    },
    {
      "linter": "EmptyLineBetweenBlocks",
      "line": 440,
      "column": 1,
      "length": 1,
      "severity": "warning",
      "reason": "Rule declaration should be followed by an empty line"
    },
    {
      "linter": "LeadingZero",
      "line": 443,
      "column": 16,
      "length": 3,
      "severity": "warning",
      "reason": "`0.4` should be written without a leading zero as `.4`"
    },
    {
      "linter": "EmptyLineBetweenBlocks",
      "line": 444,
      "column": 1,
      "length": 1,
      "severity": "warning",
      "reason": "Rule declaration should be followed by an empty line"
    },
    {
      "linter": "SpaceAfterComma",
      "line": 447,
      "column": 28,
      "length": 1,
      "severity": "warning",
      "reason": "Commas in mixin arguments should be followed by a single space"
    },
    {
      "linter": "SpaceAfterComma",
      "line": 447,
      "column": 30,
      "length": 1,
      "severity": "warning",
      "reason": "Commas in mixin arguments should be followed by a single space"
    },
    {
      "linter": "EmptyLineBetweenBlocks",
      "line": 448,
      "column": 1,
      "length": 1,
      "severity": "warning",
      "reason": "Rule declaration should be followed by an empty line"
    },
    {
      "linter": "PropertySortOrder",
      "line": 450,
      "column": 7,
      "length": 8,
      "severity": "warning",
      "reason": "Properties should be ordered bottom, top"
    },
    {
      "linter": "LeadingZero",
      "line": 459,
      "column": 22,
      "length": 3,
      "severity": "warning",
      "reason": "`0.8` should be written without a leading zero as `.8`"
    },
    {
      "linter": "EmptyLineBetweenBlocks",
      "line": 460,
      "column": 1,
      "length": 1,
      "severity": "warning",
      "reason": "Rule declaration should be followed by an empty line"
    },
    {
      "linter": "EmptyLineBetweenBlocks",
      "line": 463,
      "column": 1,
      "length": 1,
      "severity": "warning",
      "reason": "Rule declaration should be preceded by an empty line"
    },
    {
      "linter": "EmptyLineBetweenBlocks",
      "line": 465,
      "column": 1,
      "length": 1,
      "severity": "warning",
      "reason": "Rule declaration should be preceded by an empty line"
    },
    {
      "linter": "NestingDepth",
      "line": 465,
      "column": 7,
      "length": 9,
      "severity": "warning",
      "reason": "Nesting should be no greater than 3, but was 4"
    },
    {
      "linter": "DeclarationOrder",
      "line": 466,
      "column": 9,
      "length": 14,
      "severity": "warning",
      "reason": "Rule sets should be ordered as follows: @extends, @includes without @content, properties, @includes with @content, nested rule sets"
    },
    {
      "linter": "PropertySortOrder",
      "line": 466,
      "column": 9,
      "length": 14,
      "severity": "warning",
      "reason": "Properties should be ordered background-color, content, display, height, left, margin-top, position, width"
    },
    {
      "linter": "EmptyLineBetweenBlocks",
      "line": 477,
      "column": 1,
      "length": 1,
      "severity": "warning",
      "reason": "Rule declaration should be followed by an empty line"
    },
    {
      "linter": "EmptyLineBetweenBlocks",
      "line": 483,
      "column": 1,
      "length": 1,
      "severity": "warning",
      "reason": "Rule declaration should be followed by an empty line"
    },
    {
      "linter": "LeadingZero",
      "line": 486,
      "column": 24,
      "length": 3,
      "severity": "warning",
      "reason": "`0.4` should be written without a leading zero as `.4`"
    },
    {
      "linter": "EmptyLineBetweenBlocks",
      "line": 487,
      "column": 1,
      "length": 1,
      "severity": "warning",
      "reason": "Rule declaration should be followed by an empty line"
    },
    {
      "linter": "NestingDepth",
      "line": 490,
      "column": 7,
      "length": 3,
      "severity": "warning",
      "reason": "Nesting should be no greater than 3, but was 4"
    },
    {
      "linter": "SelectorDepth",
      "line": 491,
      "column": 1,
      "length": 1,
      "severity": "warning",
      "reason": "Selector should have depth of applicability no greater than 3, but was 4"
    },
    {
      "linter": "SingleLinePerSelector",
      "line": 491,
      "column": 1,
      "length": 1,
      "severity": "warning",
      "reason": "Each selector in a comma sequence should be on its own line"
    },
    {
      "linter": "DeclarationOrder",
      "line": 492,
      "column": 11,
      "length": 11,
      "severity": "warning",
      "reason": "Rule sets should be ordered as follows: @extends, @includes without @content, properties, @includes with @content, nested rule sets"
    },
    {
      "linter": "EmptyLineBetweenBlocks",
      "line": 495,
      "column": 1,
      "length": 1,
      "severity": "warning",
      "reason": "Rule declaration should be followed by an empty line"
    },
    {
      "linter": "NestingDepth",
      "line": 496,
      "column": 7,
      "length": 2,
      "severity": "warning",
      "reason": "Nesting should be no greater than 3, but was 4"
    },
    {
      "linter": "EmptyLineBetweenBlocks",
      "line": 508,
      "column": 1,
      "length": 1,
      "severity": "warning",
      "reason": "Rule declaration should be followed by an empty line"
    },
    {
      "linter": "SpaceBeforeBrace",
      "line": 509,
      "column": 1,
      "length": 1,
      "severity": "warning",
      "reason": "Opening curly brace `{` should be preceded by one space"
    },
    {
      "linter": "DeclarationOrder",
      "line": 510,
      "column": 5,
      "length": 18,
      "severity": "warning",
      "reason": "Rule sets should be ordered as follows: @extends, @includes without @content, properties, @includes with @content, nested rule sets"
    },
    {
      "linter": "EmptyLineBetweenBlocks",
      "line": 512,
      "column": 1,
      "length": 1,
      "severity": "warning",
      "reason": "Rule declaration should be preceded by an empty line"
    },
    {
      "linter": "EmptyLineBetweenBlocks",
      "line": 514,
      "column": 1,
      "length": 1,
      "severity": "warning",
      "reason": "Rule declaration should be followed by an empty line"
    },
    {
      "linter": "DeclarationOrder",
      "line": 516,
      "column": 7,
      "length": 16,
      "severity": "warning",
      "reason": "Rule sets should be ordered as follows: @extends, @includes without @content, properties, @includes with @content, nested rule sets"
    },
    {
      "linter": "PropertySortOrder",
      "line": 516,
      "column": 7,
      "length": 16,
      "severity": "warning",
      "reason": "Properties should be ordered margin-bottom, margin-left, margin-right, margin-top"
    },
    {
      "linter": "EmptyLineBetweenBlocks",
      "line": 522,
      "column": 1,
      "length": 1,
      "severity": "warning",
      "reason": "Rule declaration should be followed by an empty line"
    },
    {
      "linter": "DeclarationOrder",
      "line": 524,
      "column": 7,
      "length": 19,
      "severity": "warning",
      "reason": "Rule sets should be ordered as follows: @extends, @includes without @content, properties, @includes with @content, nested rule sets"
    },
    {
      "linter": "EmptyLineBetweenBlocks",
      "line": 531,
      "column": 1,
      "length": 1,
      "severity": "warning",
      "reason": "Rule declaration should be followed by an empty line"
    },
    {
      "linter": "EmptyLineBetweenBlocks",
      "line": 536,
      "column": 1,
      "length": 1,
      "severity": "warning",
      "reason": "Rule declaration should be followed by an empty line"
    },
    {
      "linter": "SingleLinePerSelector",
      "line": 538,
      "column": 1,
      "length": 1,
      "severity": "warning",
      "reason": "Each selector in a comma sequence should be on its own line"
    },
    {
      "linter": "NestingDepth",
      "line": 538,
      "column": 7,
      "length": 13,
      "severity": "warning",
      "reason": "Nesting should be no greater than 3, but was 4"
    },
    {
      "linter": "EmptyLineBetweenBlocks",
      "line": 558,
      "column": 1,
      "length": 1,
      "severity": "warning",
      "reason": "Rule declaration should be followed by an empty line"
    },
    {
      "linter": "PropertySortOrder",
      "line": 560,
      "column": 5,
      "length": 18,
      "severity": "warning",
      "reason": "Properties should be ordered bottom, left, position"
    },
    {
      "linter": "EmptyLineBetweenBlocks",
      "line": 563,
      "column": 1,
      "length": 1,
      "severity": "warning",
      "reason": "Rule declaration should be followed by an empty line"
    },
    {
      "linter": "SingleLinePerSelector",
      "line": 564,
      "column": 1,
      "length": 1,
      "severity": "warning",
      "reason": "Each selector in a comma sequence should be on its own line"
    },
    {
      "linter": "PropertySortOrder",
      "line": 565,
      "column": 5,
      "length": 18,
      "severity": "warning",
      "reason": "Properties should be ordered bottom, left, position"
    },
    {
      "linter": "EmptyLineBetweenBlocks",
      "line": 568,
      "column": 1,
      "length": 1,
      "severity": "warning",
      "reason": "Rule declaration should be followed by an empty line"
    },
    {
      "linter": "DeclarationOrder",
      "line": 570,
      "column": 5,
      "length": 14,
      "severity": "warning",
      "reason": "Rule sets should be ordered as follows: @extends, @includes without @content, properties, @includes with @content, nested rule sets"
    },
    {
      "linter": "SpaceAfterComma",
      "line": 572,
      "column": 26,
      "length": 1,
      "severity": "warning",
      "reason": "Commas in mixin arguments should be followed by a single space"
    },
    {
      "linter": "SpaceAfterComma",
      "line": 572,
      "column": 28,
      "length": 3,
      "severity": "warning",
      "reason": "Commas in mixin arguments should be followed by a single space"
    },
    {
      "linter": "EmptyLineBetweenBlocks",
      "line": 573,
      "column": 1,
      "length": 1,
      "severity": "warning",
      "reason": "Rule declaration should be followed by an empty line"
    },
    {
      "linter": "SpaceAfterComma",
      "line": 576,
      "column": 28,
      "length": 1,
      "severity": "warning",
      "reason": "Commas in mixin arguments should be followed by a single space"
    },
    {
      "linter": "SpaceAfterComma",
      "line": 576,
      "column": 31,
      "length": 3,
      "severity": "warning",
      "reason": "Commas in mixin arguments should be followed by a single space"
    },
    {
      "linter": "EmptyLineBetweenBlocks",
      "line": 577,
      "column": 1,
      "length": 1,
      "severity": "warning",
      "reason": "Rule declaration should be followed by an empty line"
    },
    {
      "linter": "SpaceAfterComma",
      "line": 579,
      "column": 28,
      "length": 1,
      "severity": "warning",
      "reason": "Commas in mixin arguments should be followed by a single space"
    },
    {
      "linter": "SpaceAfterComma",
      "line": 579,
      "column": 31,
      "length": 3,
      "severity": "warning",
      "reason": "Commas in mixin arguments should be followed by a single space"
    },
    {
      "linter": "EmptyLineBetweenBlocks",
      "line": 580,
      "column": 1,
      "length": 1,
      "severity": "warning",
      "reason": "Rule declaration should be followed by an empty line"
    },
    {
      "linter": "DeclarationOrder",
      "line": 582,
      "column": 7,
      "length": 10,
      "severity": "warning",
      "reason": "Rule sets should be ordered as follows: @extends, @includes without @content, properties, @includes with @content, nested rule sets"
    },
    {
      "linter": "SpaceAfterComma",
      "line": 583,
      "column": 28,
      "length": 1,
      "severity": "warning",
      "reason": "Commas in mixin arguments should be followed by a single space"
    },
    {
      "linter": "SpaceAfterComma",
      "line": 583,
      "column": 30,
      "length": 1,
      "severity": "warning",
      "reason": "Commas in mixin arguments should be followed by a single space"
    },
    {
      "linter": "EmptyLineBetweenBlocks",
      "line": 603,
      "column": 1,
      "length": 1,
      "severity": "warning",
      "reason": "Rule declaration should be preceded by an empty line"
    },
    {
      "linter": "EmptyLineBetweenBlocks",
      "line": 605,
      "column": 1,
      "length": 1,
      "severity": "warning",
      "reason": "Rule declaration should be followed by an empty line"
    },
    {
      "linter": "PropertySortOrder",
      "line": 608,
      "column": 5,
      "length": 11,
      "severity": "warning",
      "reason": "Properties should be ordered background, height, list-style, width"
    },
    {
      "linter": "EmptyLineBetweenBlocks",
      "line": 612,
      "column": 1,
      "length": 1,
      "severity": "warning",
      "reason": "Rule declaration should be preceded by an empty line"
    },
    {
      "linter": "DeclarationOrder",
      "line": 613,
      "column": 7,
      "length": 21,
      "severity": "warning",
      "reason": "Rule sets should be ordered as follows: @extends, @includes without @content, properties, @includes with @content, nested rule sets"
    },
    {
      "linter": "SelectorDepth",
      "line": 616,
      "column": 1,
      "length": 1,
      "severity": "warning",
      "reason": "Selector should have depth of applicability no greater than 3, but was 4"
    },
    {
      "linter": "NestingDepth",
      "line": 616,
      "column": 7,
      "length": 2,
      "severity": "warning",
      "reason": "Nesting should be no greater than 3, but was 4"
    },
    {
      "linter": "PropertySortOrder",
      "line": 617,
      "column": 9,
      "length": 17,
      "severity": "warning",
      "reason": "Properties should be ordered color, font"
    },
    {
      "linter": "DeclarationOrder",
      "line": 617,
      "column": 9,
      "length": 17,
      "severity": "warning",
      "reason": "Rule sets should be ordered as follows: @extends, @includes without @content, properties, @includes with @content, nested rule sets"
    },
    {
      "linter": "SelectorDepth",
      "line": 621,
      "column": 1,
      "length": 1,
      "severity": "warning",
      "reason": "Selector should have depth of applicability no greater than 3, but was 4"
    },
    {
      "linter": "DeclarationOrder",
      "line": 622,
      "column": 11,
      "length": 42,
      "severity": "warning",
      "reason": "Rule sets should be ordered as follows: @extends, @includes without @content, properties, @includes with @content, nested rule sets"
    },
    {
      "linter": "EmptyLineBetweenBlocks",
      "line": 628,
      "column": 1,
      "length": 1,
      "severity": "warning",
      "reason": "Rule declaration should be followed by an empty line"
    },
    {
      "linter": "LeadingZero",
      "line": 631,
      "column": 16,
      "length": 3,
      "severity": "warning",
      "reason": "`0.5` should be written without a leading zero as `.5`"
    },
    {
      "linter": "EmptyLineBetweenBlocks",
      "line": 632,
      "column": 1,
      "length": 1,
      "severity": "warning",
      "reason": "Rule declaration should be followed by an empty line"
    },
    {
      "linter": "LeadingZero",
      "line": 634,
      "column": 32,
      "length": 3,
      "severity": "warning",
      "reason": "`0.8` should be written without a leading zero as `.8`"
    },
    {
      "linter": "PropertySortOrder",
      "line": 635,
      "column": 7,
      "length": 15,
      "severity": "warning",
      "reason": "Properties should be ordered background, height, margin-top"
    },
    {
      "linter": "EmptyLineBetweenBlocks",
      "line": 637,
      "column": 1,
      "length": 1,
      "severity": "warning",
      "reason": "Rule declaration should be preceded by an empty line"
    },
    {
      "linter": "NestingDepth",
      "line": 637,
      "column": 7,
      "length": 2,
      "severity": "warning",
      "reason": "Nesting should be no greater than 3, but was 4"
    },
    {
      "linter": "EmptyLineBetweenBlocks",
      "line": 655,
      "column": 1,
      "length": 1,
      "severity": "warning",
      "reason": "Rule declaration should be followed by an empty line"
    },
    {
      "linter": "DeclarationOrder",
      "line": 657,
      "column": 5,
      "length": 18,
      "severity": "warning",
      "reason": "Rule sets should be ordered as follows: @extends, @includes without @content, properties, @includes with @content, nested rule sets"
    },
    {
      "linter": "PropertySortOrder",
      "line": 657,
      "column": 5,
      "length": 18,
      "severity": "warning",
      "reason": "Properties should be ordered padding, text-align"
    },
    {
      "linter": "EmptyLineBetweenBlocks",
      "line": 660,
      "column": 1,
      "length": 1,
      "severity": "warning",
      "reason": "Rule declaration should be preceded by an empty line"
    },
    {
      "linter": "DeclarationOrder",
      "line": 661,
      "column": 7,
      "length": 15,
      "severity": "warning",
      "reason": "Rule sets should be ordered as follows: @extends, @includes without @content, properties, @includes with @content, nested rule sets"
    },
    {
      "linter": "EmptyLineBetweenBlocks",
      "line": 663,
      "column": 1,
      "length": 1,
      "severity": "warning",
      "reason": "Rule declaration should be followed by an empty line"
    },
    {
      "linter": "PropertySortOrder",
      "line": 665,
      "column": 7,
      "length": 16,
      "severity": "warning",
      "reason": "Properties should be ordered margin-bottom, margin-left, margin-right, margin-top"
    },
    {
      "linter": "DeclarationOrder",
      "line": 665,
      "column": 7,
      "length": 16,
      "severity": "warning",
      "reason": "Rule sets should be ordered as follows: @extends, @includes without @content, properties, @includes with @content, nested rule sets"
    },
    {
      "linter": "EmptyLineBetweenBlocks",
      "line": 671,
      "column": 1,
      "length": 1,
      "severity": "warning",
      "reason": "Rule declaration should be followed by an empty line"
    },
    {
      "linter": "DeclarationOrder",
      "line": 673,
      "column": 7,
      "length": 19,
      "severity": "warning",
      "reason": "Rule sets should be ordered as follows: @extends, @includes without @content, properties, @includes with @content, nested rule sets"
    },
    {
      "linter": "SpaceAfterComma",
      "line": 678,
      "column": 24,
      "length": 3,
      "severity": "warning",
      "reason": "Commas in mixin arguments should be followed by a single space"
    },
    {
      "linter": "SpaceAfterComma",
      "line": 678,
      "column": 28,
      "length": 3,
      "severity": "warning",
      "reason": "Commas in mixin arguments should be followed by a single space"
    },
    {
      "linter": "EmptyLineBetweenBlocks",
      "line": 681,
      "column": 1,
      "length": 1,
      "severity": "warning",
      "reason": "Rule declaration should be followed by an empty line"
    },
    {
      "linter": "EmptyLineBetweenBlocks",
      "line": 684,
      "column": 1,
      "length": 1,
      "severity": "warning",
      "reason": "Rule declaration should be preceded by an empty line"
    },
    {
      "linter": "EmptyLineBetweenBlocks",
      "line": 687,
      "column": 1,
      "length": 1,
      "severity": "warning",
      "reason": "Rule declaration should be followed by an empty line"
    },
    {
      "linter": "NestingDepth",
      "line": 689,
      "column": 7,
      "length": 3,
      "severity": "warning",
      "reason": "Nesting should be no greater than 3, but was 4"
    },
    {
      "linter": "EmptyLineBetweenBlocks",
      "line": 691,
      "column": 1,
      "length": 1,
      "severity": "warning",
      "reason": "Rule declaration should be followed by an empty line"
    },
    {
      "linter": "SingleLinePerSelector",
      "line": 692,
      "column": 1,
      "length": 1,
      "severity": "warning",
      "reason": "Each selector in a comma sequence should be on its own line"
    },
    {
      "linter": "NestingDepth",
      "line": 692,
      "column": 7,
      "length": 13,
      "severity": "warning",
      "reason": "Nesting should be no greater than 3, but was 4"
    },
    {
      "linter": "EmptyLineBetweenBlocks",
      "line": 695,
      "column": 1,
      "length": 1,
      "severity": "warning",
      "reason": "Rule declaration should be followed by an empty line"
    },
    {
      "linter": "NestingDepth",
      "line": 696,
      "column": 7,
      "length": 10,
      "severity": "warning",
      "reason": "Nesting should be no greater than 3, but was 4"
    },
    {
      "linter": "LeadingZero",
      "line": 697,
      "column": 40,
      "length": 3,
      "severity": "warning",
      "reason": "`0.8` should be written without a leading zero as `.8`"
    },
    {
      "linter": "EmptyLineBetweenBlocks",
      "line": 713,
      "column": 1,
      "length": 1,
      "severity": "warning",
      "reason": "Rule declaration should be preceded by an empty line"
    },
    {
      "linter": "EmptyLineBetweenBlocks",
      "line": 715,
      "column": 1,
      "length": 1,
      "severity": "warning",
      "reason": "Rule declaration should be followed by an empty line"
    },
    {
      "linter": "PropertySortOrder",
      "line": 718,
      "column": 5,
      "length": 11,
      "severity": "warning",
      "reason": "Properties should be ordered background, height, list-style, width"
    },
    {
      "linter": "EmptyLineBetweenBlocks",
      "line": 722,
      "column": 1,
      "length": 1,
      "severity": "warning",
      "reason": "Rule declaration should be preceded by an empty line"
    },
    {
      "linter": "DeclarationOrder",
      "line": 723,
      "column": 7,
      "length": 21,
      "severity": "warning",
      "reason": "Rule sets should be ordered as follows: @extends, @includes without @content, properties, @includes with @content, nested rule sets"
    },
    {
      "linter": "SelectorDepth",
      "line": 727,
      "column": 1,
      "length": 1,
      "severity": "warning",
      "reason": "Selector should have depth of applicability no greater than 3, but was 4"
    },
    {
      "linter": "NestingDepth",
      "line": 727,
      "column": 7,
      "length": 2,
      "severity": "warning",
      "reason": "Nesting should be no greater than 3, but was 4"
    },
    {
      "linter": "SelectorDepth",
      "line": 730,
      "column": 1,
      "length": 1,
      "severity": "warning",
      "reason": "Selector should have depth of applicability no greater than 3, but was 4"
    },
    {
      "linter": "EmptyLineBetweenBlocks",
      "line": 736,
      "column": 1,
      "length": 1,
      "severity": "warning",
      "reason": "Rule declaration should be followed by an empty line"
    },
    {
      "linter": "LeadingZero",
      "line": 739,
      "column": 16,
      "length": 3,
      "severity": "warning",
      "reason": "`0.5` should be written without a leading zero as `.5`"
    },
    {
      "linter": "EmptyLineBetweenBlocks",
      "line": 740,
      "column": 1,
      "length": 1,
      "severity": "warning",
      "reason": "Rule declaration should be followed by an empty line"
    },
    {
      "linter": "LeadingZero",
      "line": 742,
      "column": 32,
      "length": 3,
      "severity": "warning",
      "reason": "`0.8` should be written without a leading zero as `.8`"
    },
    {
      "linter": "PropertySortOrder",
      "line": 743,
      "column": 7,
      "length": 15,
      "severity": "warning",
      "reason": "Properties should be ordered background, height, margin-top"
    },
    {
      "linter": "EmptyLineBetweenBlocks",
      "line": 745,
      "column": 1,
      "length": 1,
      "severity": "warning",
      "reason": "Rule declaration should be preceded by an empty line"
    },
    {
      "linter": "NestingDepth",
      "line": 745,
      "column": 7,
      "length": 3,
      "severity": "warning",
      "reason": "Nesting should be no greater than 3, but was 4"
    },
    {
      "linter": "EmptyLineBetweenBlocks",
      "line": 747,
      "column": 1,
      "length": 1,
      "severity": "warning",
      "reason": "Rule declaration should be preceded by an empty line"
    },
    {
      "linter": "SelectorDepth",
      "line": 747,
      "column": 1,
      "length": 1,
      "severity": "warning",
      "reason": "Selector should have depth of applicability no greater than 3, but was 4"
    },
    {
      "linter": "DeclarationOrder",
      "line": 748,
      "column": 11,
      "length": 17,
      "severity": "warning",
      "reason": "Rule sets should be ordered as follows: @extends, @includes without @content, properties, @includes with @content, nested rule sets"
    },
    {
      "linter": "PropertySortOrder",
      "line": 748,
      "column": 11,
      "length": 17,
      "severity": "warning",
      "reason": "Properties should be ordered color, font"
    },
    {
      "linter": "EmptyLineBetweenBlocks",
      "line": 760,
      "column": 1,
      "length": 1,
      "severity": "warning",
      "reason": "Rule declaration should be preceded by an empty line"
    },
    {
      "linter": "EmptyLineBetweenBlocks",
      "line": 762,
      "column": 1,
      "length": 1,
      "severity": "warning",
      "reason": "Rule declaration should be followed by an empty line"
    },
    {
      "linter": "DeclarationOrder",
      "line": 764,
      "column": 5,
      "length": 19,
      "severity": "warning",
      "reason": "Rule sets should be ordered as follows: @extends, @includes without @content, properties, @includes with @content, nested rule sets"
    },
    {
      "linter": "PropertySortOrder",
      "line": 765,
      "column": 5,
      "length": 11,
      "severity": "warning",
      "reason": "Properties should be ordered background, height, list-style, width"
    },
    {
      "linter": "DeclarationOrder",
      "line": 771,
      "column": 7,
      "length": 21,
      "severity": "warning",
      "reason": "Rule sets should be ordered as follows: @extends, @includes without @content, properties, @includes with @content, nested rule sets"
    },
    {
      "linter": "SelectorDepth",
      "line": 776,
      "column": 1,
      "length": 1,
      "severity": "warning",
      "reason": "Selector should have depth of applicability no greater than 3, but was 4"
    },
    {
      "linter": "NestingDepth",
      "line": 776,
      "column": 7,
      "length": 2,
      "severity": "warning",
      "reason": "Nesting should be no greater than 3, but was 4"
    },
    {
      "linter": "PropertySortOrder",
      "line": 777,
      "column": 9,
      "length": 17,
      "severity": "warning",
      "reason": "Properties should be ordered color, font"
    },
    {
      "linter": "DeclarationOrder",
      "line": 777,
      "column": 9,
      "length": 17,
      "severity": "warning",
      "reason": "Rule sets should be ordered as follows: @extends, @includes without @content, properties, @includes with @content, nested rule sets"
    },
    {
      "linter": "SelectorDepth",
      "line": 781,
      "column": 1,
      "length": 1,
      "severity": "warning",
      "reason": "Selector should have depth of applicability no greater than 3, but was 4"
    },
    {
      "linter": "DeclarationOrder",
      "line": 782,
      "column": 11,
      "length": 42,
      "severity": "warning",
      "reason": "Rule sets should be ordered as follows: @extends, @includes without @content, properties, @includes with @content, nested rule sets"
    },
    {
      "linter": "EmptyLineBetweenBlocks",
      "line": 789,
      "column": 1,
      "length": 1,
      "severity": "warning",
      "reason": "Rule declaration should be followed by an empty line"
    },
    {
      "linter": "LeadingZero",
      "line": 792,
      "column": 16,
      "length": 3,
      "severity": "warning",
      "reason": "`0.5` should be written without a leading zero as `.5`"
    },
    {
      "linter": "EmptyLineBetweenBlocks",
      "line": 793,
      "column": 1,
      "length": 1,
      "severity": "warning",
      "reason": "Rule declaration should be followed by an empty line"
    },
    {
      "linter": "LeadingZero",
      "line": 796,
      "column": 32,
      "length": 3,
      "severity": "warning",
      "reason": "`0.8` should be written without a leading zero as `.8`"
    },
    {
      "linter": "PropertySortOrder",
      "line": 797,
      "column": 7,
      "length": 15,
      "severity": "warning",
      "reason": "Properties should be ordered background, height, margin-top"
    },
    {
      "linter": "EmptyLineBetweenBlocks",
      "line": 799,
      "column": 1,
      "length": 1,
      "severity": "warning",
      "reason": "Rule declaration should be preceded by an empty line"
    },
    {
      "linter": "NestingDepth",
      "line": 799,
      "column": 7,
      "length": 3,
      "severity": "warning",
      "reason": "Nesting should be no greater than 3, but was 4"
    },
    {
      "linter": "SelectorDepth",
      "line": 803,
      "column": 11,
      "length": 19,
      "severity": "warning",
      "reason": "Selector should have depth of applicability no greater than 3, but was 4"
    },
    {
      "linter": "LeadingZero",
      "line": 804,
      "column": 39,
      "length": 5,
      "severity": "warning",
      "reason": "`0.15` should be written without a leading zero as `.15`"
    },
    {
      "linter": "EmptyLineBetweenBlocks",
      "line": 807,
      "column": 1,
      "length": 1,
      "severity": "warning",
      "reason": "Rule declaration should be followed by an empty line"
    },
    {
      "linter": "NestingDepth",
      "line": 808,
      "column": 7,
      "length": 2,
      "severity": "warning",
      "reason": "Nesting should be no greater than 3, but was 4"
    },
    {
      "linter": "Comment",
      "line": 815,
      "column": 1,
      "length": 1,
      "severity": "warning",
      "reason": "Use `//` comments everywhere"
    },
    {
      "linter": "PropertySortOrder",
      "line": 831,
      "column": 5,
      "length": 11,
      "severity": "warning",
      "reason": "Properties should be ordered height, width"
    },
    {
      "linter": "FinalNewline",
      "line": 1121,
      "column": 1,
      "length": 1,
      "severity": "warning",
      "reason": "Files should end with a trailing newline"
    }
  ]
}